

MyPIF:
Token: VAR
Identifier: (-1, -1)

Token: Identifier
Identifier: (3, 0)

Token: ,
Identifier: (-1, -1)

Token: Identifier
Identifier: (4, 0)

Token: ,
Identifier: (-1, -1)

Token: Identifier
Identifier: (5, 0)

Token: ,
Identifier: (-1, -1)

Token: Identifier
Identifier: (1, 0)

Token: :
Identifier: (-1, -1)

Token:  
Identifier: (-1, -1)

Token: INTEGER
Identifier: (-1, -1)

Token: ;
Identifier: (-1, -1)

Token: BEGIN
Identifier: (-1, -1)

Token: READ
Identifier: (-1, -1)

Token:  
Identifier: (-1, -1)

Token: (
Identifier: (-1, -1)

Token: Identifier
Identifier: (3, 0)

Token: ,
Identifier: (-1, -1)

Token: Identifier
Identifier: (4, 0)

Token: ,
Identifier: (-1, -1)

Token: Identifier
Identifier: (5, 0)

Token: )
Identifier: (-1, -1)

Token: ;
Identifier: (-1, -1)

Token: IF
Identifier: (-1, -1)

Token:  
Identifier: (-1, -1)

Token: (
Identifier: (-1, -1)

Token: Identifier
Identifier: (1, 0)

Token: <
Identifier: (-1, -1)

Token: Identifier
Identifier: (3, 0)

Token: )
Identifier: (-1, -1)

Token:  
Identifier: (-1, -1)

Token: THEN
Identifier: (-1, -1)

Token:  
Identifier: (-1, -1)

Token: BEGIN
Identifier: (-1, -1)

Token:  
Identifier: (-1, -1)

Token: Identifier
Identifier: (1, 0)

Token: :=
Identifier: (-1, -1)

Token: Identifier
Identifier: (3, 0)

Token: ;
Identifier: (-1, -1)

Token:  
Identifier: (-1, -1)

Token: END
Identifier: (-1, -1)

Token: ;
Identifier: (-1, -1)

Token: IF
Identifier: (-1, -1)

Token:  
Identifier: (-1, -1)

Token: (
Identifier: (-1, -1)

Token: Identifier
Identifier: (1, 0)

Token: <
Identifier: (-1, -1)

Token: Identifier
Identifier: (4, 0)

Token: )
Identifier: (-1, -1)

Token:  
Identifier: (-1, -1)

Token: THEN
Identifier: (-1, -1)

Token:  
Identifier: (-1, -1)

Token: BEGIN
Identifier: (-1, -1)

Token:  
Identifier: (-1, -1)

Token: Identifier
Identifier: (1, 0)

Token: :=
Identifier: (-1, -1)

Token: Identifier
Identifier: (4, 0)

Token: ;
Identifier: (-1, -1)

Token:  
Identifier: (-1, -1)

Token: END
Identifier: (-1, -1)

Token: ;
Identifier: (-1, -1)

Token: IF
Identifier: (-1, -1)

Token:  
Identifier: (-1, -1)

Token: (
Identifier: (-1, -1)

Token: Identifier
Identifier: (1, 0)

Token: <
Identifier: (-1, -1)

Token: Identifier
Identifier: (5, 0)

Token: )
Identifier: (-1, -1)

Token:  
Identifier: (-1, -1)

Token: THEN
Identifier: (-1, -1)

Token:  
Identifier: (-1, -1)

Token: BEGIN
Identifier: (-1, -1)

Token:  
Identifier: (-1, -1)

Token: Identifier
Identifier: (1, 0)

Token: :=
Identifier: (-1, -1)

Token: Identifier
Identifier: (5, 0)

Token: ;
Identifier: (-1, -1)

Token:  
Identifier: (-1, -1)

Token: END
Identifier: (-1, -1)

Token: ;
Identifier: (-1, -1)

Token: WRITE
Identifier: (-1, -1)

Token: (
Identifier: (-1, -1)

Token: Constant
Identifier: (8, 0)

Token: )
Identifier: (-1, -1)

Token: ;
Identifier: (-1, -1)

Token: WRITE
Identifier: (-1, -1)

Token: (
Identifier: (-1, -1)

Token: Identifier
Identifier: (1, 0)

Token: )
Identifier: (-1, -1)

Token: ;
Identifier: (-1, -1)

Token: END
Identifier: (-1, -1)

