(VAR$-1)
(0$120)
(,$-1)
(0$121)
(,$-1)
(0$122)
(,$-1)
(0$123)
(:$-1)
( $-1)
(INTEGER$-1)
(;$-1)
(BEGIN$-1)
(READ$-1)
( $-1)
(($-1)
(0$120)
(,$-1)
(0$121)
(,$-1)
(0$122)
()$-1)
(;$-1)
(IF$-1)
( $-1)
(($-1)
(0$123)
(<$-1)
(0$120)
()$-1)
( $-1)
(THEN$-1)
( $-1)
(BEGIN$-1)
( $-1)
(0$123)
(:=$-1)
(0$120)
(;$-1)
( $-1)
(END$-1)
(;$-1)
(IF$-1)
( $-1)
(($-1)
(0$123)
(<$-1)
(0$121)
()$-1)
( $-1)
(THEN$-1)
( $-1)
(BEGIN$-1)
( $-1)
(0$123)
(:=$-1)
(0$121)
(;$-1)
( $-1)
(END$-1)
(;$-1)
(IF$-1)
( $-1)
(($-1)
(0$123)
(<$-1)
(0$122)
()$-1)
( $-1)
(THEN$-1)
( $-1)
(BEGIN$-1)
( $-1)
(0$123)
(:=$-1)
(0$122)
(;$-1)
( $-1)
(END$-1)
(;$-1)
(WRITE$-1)
(($-1)
(0$124)
()$-1)
(;$-1)
(WRITE$-1)
(($-1)
(0$123)
()$-1)
(;$-1)
(END$-1)